<?xml version="1.0" encoding="utf-8"?><testsuites name="pytest tests"><testsuite name="pytest" errors="0" failures="0" skipped="0" tests="17" time="5.346" timestamp="2026-05-15T09:43:49.591066+00:00" hostname="agent-env-1d5fefc4-7e52-4fb4-81f2-5a83d1b8c8da"><testcase classname="backend.tests.test_online_orders.TestAuth" name="test_login_success" time="0.465" /><testcase classname="backend.tests.test_online_orders.TestAuth" name="test_login_invalid" time="0.337" /><testcase classname="backend.tests.test_online_orders.TestAuth" name="test_cashier_login" time="0.335" /><testcase classname="backend.tests.test_online_orders.TestAuth" name="test_me_endpoint" time="0.508" /><testcase classname="backend.tests.test_online_orders.TestAuth" name="test_me_unauthenticated" time="0.304" /><testcase classname="backend.tests.test_online_orders.TestOnlineOrdersList" name="test_list_returns_orders" time="0.107" /><testcase classname="backend.tests.test_online_orders.TestOnlineOrdersList" name="test_demo_seed_customers_present" time="0.132" /><testcase classname="backend.tests.test_online_orders.TestOnlineOrdersList" name="test_demo_seed_status_coverage" time="1.107" /><testcase classname="backend.tests.test_online_orders.TestOnlineOrdersList" name="test_demo_seed_platforms" time="0.131" /><testcase classname="backend.tests.test_online_orders.TestOnlineOrdersList" name="test_no_mongo_id_leak" time="0.100" /><testcase classname="backend.tests.test_online_orders.TestOnlineOrderActions" name="test_simulate_swiggy" time="0.141" /><testcase classname="backend.tests.test_online_orders.TestOnlineOrderActions" name="test_simulate_zomato" time="0.136" /><testcase classname="backend.tests.test_online_orders.TestOnlineOrderActions" name="test_accept_creates_pos_order" time="0.412" /><testcase classname="backend.tests.test_online_orders.TestOnlineOrderActions" name="test_reject" time="0.306" /><testcase classname="backend.tests.test_online_orders.TestOnlineOrderActions" name="test_dispatch" time="0.442" /><testcase classname="backend.tests.test_online_orders.TestOnlineOrderActions" name="test_accept_nonexistent" time="0.101" /><testcase classname="backend.tests.test_online_orders.TestOnlineOrderActions" name="test_simulate_requires_auth" time="0.119" /></testsuite></testsuites>