<?xml version="1.0" encoding="utf-8"?><testsuites name="pytest tests"><testsuite name="pytest" errors="0" failures="0" skipped="0" tests="32" time="4.932" timestamp="2026-06-21T17:27:50.465774+00:00" hostname="agent-env-1d5fefc4-7e52-4fb4-81f2-5a83d1b8c8da"><testcase classname="backend.tests.test_thali_pos.TestAuth" name="test_login_bad_creds" time="0.464" /><testcase classname="backend.tests.test_thali_pos.TestAuth" name="test_login_admin_sets_cookie" time="0.362" /><testcase classname="backend.tests.test_thali_pos.TestAuth" name="test_me_requires_auth" time="0.133" /><testcase classname="backend.tests.test_thali_pos.TestAuth" name="test_me_returns_user" time="0.406" /><testcase classname="backend.tests.test_thali_pos.TestAuth" name="test_cashier_login" time="0.375" /><testcase classname="backend.tests.test_thali_pos.TestSettings" name="test_get_settings" time="0.049" /><testcase classname="backend.tests.test_thali_pos.TestSettings" name="test_update_settings_admin" time="0.192" /><testcase classname="backend.tests.test_thali_pos.TestSettings" name="test_update_settings_cashier_forbidden" time="0.046" /><testcase classname="backend.tests.test_thali_pos.TestCategoriesAndMenu" name="test_list_categories" time="0.047" /><testcase classname="backend.tests.test_thali_pos.TestCategoriesAndMenu" name="test_list_menu_has_thalis" time="0.049" /><testcase classname="backend.tests.test_thali_pos.TestCategoriesAndMenu" name="test_toggle_menu_item" time="0.096" /><testcase classname="backend.tests.test_thali_pos.TestCategoriesAndMenu" name="test_create_update_delete_thali" time="0.193" /><testcase classname="backend.tests.test_thali_pos.TestTemplates" name="test_template_create_activate_delete" time="1.018" /><testcase classname="backend.tests.test_thali_pos.TestOrders" name="test_empty_cart_400" time="0.047" /><testcase classname="backend.tests.test_thali_pos.TestOrders" name="test_create_order_returns_receipt_no_and_persists" time="0.095" /><testcase classname="backend.tests.test_thali_pos.TestOrders" name="test_receipt_no_atomic_increment" time="0.098" /><testcase classname="backend.tests.test_thali_pos.TestOrders" name="test_list_orders_search_by_receipt_no" time="0.095" /><testcase classname="backend.tests.test_thali_pos.TestDashboard" name="test_dashboard_summary_shape" time="0.049" /><testcase classname="backend.tests.test_thali_pos.TestDashboard" name="test_top_thalis_aggregation" time="0.047" /><testcase classname="backend.tests.test_thali_pos.TestReports" name="test_reports_sales" time="0.049" /><testcase classname="backend.tests.test_thali_pos.TestReports" name="test_reports_products" time="0.050" /><testcase classname="backend.tests.test_thali_pos.TestReports" name="test_reports_thalis" time="0.051" /><testcase classname="backend.tests.test_thali_pos.TestReports" name="test_export_csv" time="0.050" /><testcase classname="backend.tests.test_thali_pos.TestReports" name="test_export_xlsx" time="0.053" /><testcase classname="backend.tests.test_thali_pos.TestReports" name="test_export_products_thalis" time="0.214" /><testcase classname="backend.tests.test_thali_pos.TestRemovedEndpoints" name="test_endpoints_404[/online-orders]" time="0.046" /><testcase classname="backend.tests.test_thali_pos.TestRemovedEndpoints" name="test_endpoints_404[/tables]" time="0.046" /><testcase classname="backend.tests.test_thali_pos.TestRemovedEndpoints" name="test_endpoints_404[/inventory]" time="0.046" /><testcase classname="backend.tests.test_thali_pos.TestRemovedEndpoints" name="test_endpoints_404[/customers]" time="0.047" /><testcase classname="backend.tests.test_thali_pos.TestRemovedEndpoints" name="test_endpoints_404[/discounts]" time="0.045" /><testcase classname="backend.tests.test_thali_pos.TestRemovedEndpoints" name="test_endpoints_404[/kot]" time="0.050" /><testcase classname="backend.tests.test_thali_pos.TestRemovedEndpoints" name="test_endpoints_404[/staff/register]" time="0.048" /></testsuite></testsuites>